<?xml version="1.0" encoding="UTF-8"?>
<!-- Generated by org.testng.reporters.JUnitReportReporter -->
<testsuite skipped="0" hostname="DESKTOP-N0PUM6I" name="test.metrotest" tests="1" failures="0" timestamp="01 Mar 2019 04:32:11 GMT" time="22.116" errors="0">
  <testcase name="metroTest" time="22.116" classname="test.metrotest"/>
</testsuite> <!-- test.metrotest -->
